0 info it worked if it ends with ok
1 verbose cli [ '/usr/local/bin/node',
1 verbose cli   '/usr/local/bin/npm',
1 verbose cli   'run',
1 verbose cli   'ios-local-server' ]
2 info using npm@3.9.3
3 info using node@v6.2.0
4 verbose run-script [ 'preios-local-server',
4 verbose run-script   'ios-local-server',
4 verbose run-script   'postios-local-server' ]
5 info lifecycle appium-test-javascript@0.1.0~preios-local-server: appium-test-javascript@0.1.0
6 silly lifecycle appium-test-javascript@0.1.0~preios-local-server: no script for preios-local-server, continuing
7 info lifecycle appium-test-javascript@0.1.0~ios-local-server: appium-test-javascript@0.1.0
8 verbose lifecycle appium-test-javascript@0.1.0~ios-local-server: unsafe-perm in lifecycle true
9 verbose lifecycle appium-test-javascript@0.1.0~ios-local-server: PATH: /usr/local/lib/node_modules/npm/bin/node-gyp-bin:/Users/lighterletter/Desktop/automated-regression-wd/node_modules/.bin:/usr/local/bin:/usr/local/bin:/usr/bin:/bin:/usr/sbin:/sbin
10 verbose lifecycle appium-test-javascript@0.1.0~ios-local-server: CWD: /Users/lighterletter/Desktop/automated-regression-wd
11 silly lifecycle appium-test-javascript@0.1.0~ios-local-server: Args: [ '-c', 'mocha ios-local-server.js' ]
12 silly lifecycle appium-test-javascript@0.1.0~ios-local-server: Returned: code: 1  signal: null
13 info lifecycle appium-test-javascript@0.1.0~ios-local-server: Failed to exec ios-local-server script
14 verbose stack Error: appium-test-javascript@0.1.0 ios-local-server: `mocha ios-local-server.js`
14 verbose stack Exit status 1
14 verbose stack     at EventEmitter.<anonymous> (/usr/local/lib/node_modules/npm/lib/utils/lifecycle.js:245:16)
14 verbose stack     at emitTwo (events.js:106:13)
14 verbose stack     at EventEmitter.emit (events.js:191:7)
14 verbose stack     at ChildProcess.<anonymous> (/usr/local/lib/node_modules/npm/lib/utils/spawn.js:24:14)
14 verbose stack     at emitTwo (events.js:106:13)
14 verbose stack     at ChildProcess.emit (events.js:191:7)
14 verbose stack     at maybeClose (internal/child_process.js:850:16)
14 verbose stack     at Process.ChildProcess._handle.onexit (internal/child_process.js:215:5)
15 verbose pkgid appium-test-javascript@0.1.0
16 verbose cwd /Users/lighterletter/Desktop/automated-regression-wd
17 error Darwin 15.5.0
18 error argv "/usr/local/bin/node" "/usr/local/bin/npm" "run" "ios-local-server"
19 error node v6.2.0
20 error npm  v3.9.3
21 error code ELIFECYCLE
22 error appium-test-javascript@0.1.0 ios-local-server: `mocha ios-local-server.js`
22 error Exit status 1
23 error Failed at the appium-test-javascript@0.1.0 ios-local-server script 'mocha ios-local-server.js'.
23 error Make sure you have the latest version of node.js and npm installed.
23 error If you do, this is most likely a problem with the appium-test-javascript package,
23 error not with npm itself.
23 error Tell the author that this fails on your system:
23 error     mocha ios-local-server.js
23 error You can get information on how to open an issue for this project with:
23 error     npm bugs appium-test-javascript
23 error Or if that isn't available, you can get their info via:
23 error     npm owner ls appium-test-javascript
23 error There is likely additional logging output above.
24 verbose exit [ 1, true ]
